<?xml version="1.0" encoding="UTF-8"?>
<!-- Generated by org.testng.reporters.JUnitReportReporter -->
<testsuite skipped="9" hostname="64b87d2c74e9" name="tests.SearchCloth" tests="10" failures="0" timestamp="2021-05-03T20:02:31 GMT" time="0.857" errors="1">
  <testcase name="searchCloth" time="0.000" classname="tests.SearchCloth">
    <skipped/>
  </testcase> <!-- searchCloth -->
  <system-out/>
  <testcase name="setupDriver" time="0.857" classname="tests.SearchCloth">
    <error type="org.openqa.selenium.remote.UnreachableBrowserException" message="Could not start a new session. Possible causes are invalid address of the remote server or browser start-up failure.
Build info: version: &#039;3.14.0&#039;, revision: &#039;aacccce0&#039;, time: &#039;2018-08-02T20:19:58.91Z&#039;
System info: host: &#039;64b87d2c74e9&#039;, ip: &#039;172.19.0.5&#039;, os.name: &#039;Linux&#039;, os.arch: &#039;amd64&#039;, os.version: &#039;5.10.25-linuxkit&#039;, java.version: &#039;1.8.0_191&#039;
Driver info: driver.version: RemoteWebDriver">
      <![CDATA[org.openqa.selenium.remote.UnreachableBrowserException: Could not start a new session. Possible causes are invalid address of the remote server or browser start-up failure.
Build info: version: '3.14.0', revision: 'aacccce0', time: '2018-08-02T20:19:58.91Z'
System info: host: '64b87d2c74e9', ip: '172.19.0.5', os.name: 'Linux', os.arch: 'amd64', os.version: '5.10.25-linuxkit', java.version: '1.8.0_191'
Driver info: driver.version: RemoteWebDriver
at org.openqa.selenium.remote.RemoteWebDriver.execute(RemoteWebDriver.java:569)
at org.openqa.selenium.remote.RemoteWebDriver.startSession(RemoteWebDriver.java:212)
at org.openqa.selenium.remote.RemoteWebDriver.<init>(RemoteWebDriver.java:130)
at org.openqa.selenium.remote.RemoteWebDriver.<init>(RemoteWebDriver.java:143)
at base.BaseTest.setupDriver(BaseTest.java:23)
at sun.reflect.NativeMethodAccessorImpl.invoke0(Native Method)
at sun.reflect.NativeMethodAccessorImpl.invoke(NativeMethodAccessorImpl.java:62)
at sun.reflect.DelegatingMethodAccessorImpl.invoke(DelegatingMethodAccessorImpl.java:43)
at java.lang.reflect.Method.invoke(Method.java:498)
at org.testng.internal.MethodInvocationHelper.invokeMethod(MethodInvocationHelper.java:133)
at org.testng.internal.MethodInvocationHelper.invokeMethodConsideringTimeout(MethodInvocationHelper.java:62)
at org.testng.internal.ConfigInvoker.invokeConfigurationMethod(ConfigInvoker.java:385)
at org.testng.internal.ConfigInvoker.invokeConfigurations(ConfigInvoker.java:321)
at org.testng.TestRunner.invokeTestConfigurations(TestRunner.java:637)
at org.testng.TestRunner.beforeRun(TestRunner.java:627)
at org.testng.TestRunner.run(TestRunner.java:589)
at org.testng.SuiteRunner.runTest(SuiteRunner.java:377)
at org.testng.SuiteRunner.runSequentially(SuiteRunner.java:371)
at org.testng.SuiteRunner.privateRun(SuiteRunner.java:332)
at org.testng.SuiteRunner.run(SuiteRunner.java:276)
at org.testng.SuiteRunnerWorker.runSuite(SuiteRunnerWorker.java:53)
at org.testng.SuiteRunnerWorker.run(SuiteRunnerWorker.java:96)
at org.testng.TestNG.runSuitesSequentially(TestNG.java:1212)
at org.testng.TestNG.runSuitesLocally(TestNG.java:1134)
at org.testng.TestNG.runSuites(TestNG.java:1063)
at org.testng.TestNG.run(TestNG.java:1031)
at org.testng.TestNG.privateMain(TestNG.java:1365)
at org.testng.TestNG.main(TestNG.java:1329)
Caused by: javax.net.ssl.SSLHandshakeException: Remote host closed connection during handshake
at sun.security.ssl.SSLSocketImpl.readRecord(SSLSocketImpl.java:994)
at sun.security.ssl.SSLSocketImpl.performInitialHandshake(SSLSocketImpl.java:1367)
at sun.security.ssl.SSLSocketImpl.startHandshake(SSLSocketImpl.java:1395)
at sun.security.ssl.SSLSocketImpl.startHandshake(SSLSocketImpl.java:1379)
at okhttp3.internal.connection.RealConnection.connectTls(RealConnection.java:302)
at okhttp3.internal.connection.RealConnection.establishProtocol(RealConnection.java:270)
at okhttp3.internal.connection.RealConnection.connect(RealConnection.java:162)
at okhttp3.internal.connection.StreamAllocation.findConnection(StreamAllocation.java:257)
at okhttp3.internal.connection.StreamAllocation.findHealthyConnection(StreamAllocation.java:135)
at okhttp3.internal.connection.StreamAllocation.newStream(StreamAllocation.java:114)
at okhttp3.internal.connection.ConnectInterceptor.intercept(ConnectInterceptor.java:42)
at okhttp3.internal.http.RealInterceptorChain.proceed(RealInterceptorChain.java:147)
at okhttp3.internal.http.RealInterceptorChain.proceed(RealInterceptorChain.java:121)
at okhttp3.internal.cache.CacheInterceptor.intercept(CacheInterceptor.java:93)
at okhttp3.internal.http.RealInterceptorChain.proceed(RealInterceptorChain.java:147)
at okhttp3.internal.http.RealInterceptorChain.proceed(RealInterceptorChain.java:121)
at okhttp3.internal.http.BridgeInterceptor.intercept(BridgeInterceptor.java:93)
at okhttp3.internal.http.RealInterceptorChain.proceed(RealInterceptorChain.java:147)
at okhttp3.internal.http.RetryAndFollowUpInterceptor.intercept(RetryAndFollowUpInterceptor.java:126)
at okhttp3.internal.http.RealInterceptorChain.proceed(RealInterceptorChain.java:147)
at okhttp3.internal.http.RealInterceptorChain.proceed(RealInterceptorChain.java:121)
at okhttp3.RealCall.getResponseWithInterceptorChain(RealCall.java:200)
at okhttp3.RealCall.execute(RealCall.java:77)
at org.openqa.selenium.remote.internal.OkHttpClient.execute(OkHttpClient.java:105)
at org.openqa.selenium.remote.ProtocolHandshake.createSession(ProtocolHandshake.java:101)
at org.openqa.selenium.remote.ProtocolHandshake.createSession(ProtocolHandshake.java:73)
at org.openqa.selenium.remote.HttpCommandExecutor.execute(HttpCommandExecutor.java:136)
at org.openqa.selenium.remote.RemoteWebDriver.execute(RemoteWebDriver.java:548)
... 27 more
Caused by: java.io.EOFException: SSL peer shut down incorrectly
at sun.security.ssl.InputRecord.read(InputRecord.java:505)
at sun.security.ssl.SSLSocketImpl.readRecord(SSLSocketImpl.java:975)
... 54 more
]]>
    </error>
  </testcase> <!-- setupDriver -->
  <system-out/>
  <testcase name="searchCloth" time="0.000" classname="tests.SearchCloth">
    <skipped/>
  </testcase> <!-- searchCloth -->
  <system-out/>
  <testcase name="searchCloth" time="0.000" classname="tests.SearchCloth">
    <skipped/>
  </testcase> <!-- searchCloth -->
  <system-out/>
  <testcase name="searchCloth" time="0.000" classname="tests.SearchCloth">
    <skipped/>
  </testcase> <!-- searchCloth -->
  <system-out/>
  <testcase name="searchCloth" time="0.000" classname="tests.SearchCloth">
    <skipped/>
  </testcase> <!-- searchCloth -->
  <system-out/>
  <testcase name="searchCloth" time="0.000" classname="tests.SearchCloth">
    <skipped/>
  </testcase> <!-- searchCloth -->
  <system-out/>
  <testcase name="searchCloth" time="0.000" classname="tests.SearchCloth">
    <skipped/>
  </testcase> <!-- searchCloth -->
  <system-out/>
  <testcase name="searchCloth" time="0.000" classname="tests.SearchCloth">
    <skipped/>
  </testcase> <!-- searchCloth -->
  <system-out/>
  <testcase name="searchCloth" time="0.000" classname="tests.SearchCloth">
    <skipped/>
  </testcase> <!-- searchCloth -->
  <system-out/>
</testsuite> <!-- tests.SearchCloth -->
