<?xml version="1.0" encoding="UTF-8"?>
<!-- Generated by org.testng.reporters.JUnitReportReporter -->
<testsuite skipped="0" hostname="493a151edb1e" name="tests.SearchCloth" tests="9" failures="0" timestamp="2021-05-01T00:05:51 GMT" time="30.881" errors="0">
  <testcase name="searchCloth" time="3.099" classname="tests.SearchCloth"/>
  <system-out/>
  <testcase name="searchCloth" time="2.098" classname="tests.SearchCloth"/>
  <system-out/>
  <testcase name="searchCloth" time="2.152" classname="tests.SearchCloth"/>
  <system-out/>
  <testcase name="searchCloth" time="8.190" classname="tests.SearchCloth"/>
  <system-out/>
  <testcase name="searchCloth" time="2.814" classname="tests.SearchCloth"/>
  <system-out/>
  <testcase name="searchCloth" time="2.846" classname="tests.SearchCloth"/>
  <system-out/>
  <testcase name="searchCloth" time="2.669" classname="tests.SearchCloth"/>
  <system-out/>
  <testcase name="searchCloth" time="2.869" classname="tests.SearchCloth"/>
  <system-out/>
  <testcase name="searchCloth" time="4.144" classname="tests.SearchCloth"/>
  <system-out/>
</testsuite> <!-- tests.SearchCloth -->
