<?xml version="1.0" encoding="UTF-8"?>
<!-- Generated by org.testng.reporters.JUnitReportReporter -->
<testsuite skipped="0" hostname="be5adc52ec27" name="tests.SearchCloth" tests="9" failures="0" timestamp="2021-05-03T22:29:29 GMT" time="29.628" errors="0">
  <testcase name="searchCloth" time="8.917" classname="tests.SearchCloth"/>
  <system-out/>
  <testcase name="searchCloth" time="1.851" classname="tests.SearchCloth"/>
  <system-out/>
  <testcase name="searchCloth" time="2.073" classname="tests.SearchCloth"/>
  <system-out/>
  <testcase name="searchCloth" time="4.053" classname="tests.SearchCloth"/>
  <system-out/>
  <testcase name="searchCloth" time="3.054" classname="tests.SearchCloth"/>
  <system-out/>
  <testcase name="searchCloth" time="2.670" classname="tests.SearchCloth"/>
  <system-out/>
  <testcase name="searchCloth" time="2.738" classname="tests.SearchCloth"/>
  <system-out/>
  <testcase name="searchCloth" time="2.105" classname="tests.SearchCloth"/>
  <system-out/>
  <testcase name="searchCloth" time="2.167" classname="tests.SearchCloth"/>
  <system-out/>
</testsuite> <!-- tests.SearchCloth -->
